Flow report for my_first_fpga
Thu Nov 12 15:53:48 2020
Quartus Prime Version 16.1.0 Build 196 10/24/2016 SJ Lite Edition


---------------------
; Table of Contents ;
---------------------
  1. Legal Notice
  2. Flow Summary
  3. Flow Settings
  4. Flow Non-Default Global Settings
  5. Flow Elapsed Time
  6. Flow OS Summary
  7. Flow Log
  8. Flow Messages
  9. Flow Suppressed Messages



----------------
; Legal Notice ;
----------------
Copyright (C) 2016  Intel Corporation. All rights reserved.
Your use of Intel Corporation's design tools, logic functions 
and other software and tools, and its AMPP partner logic 
functions, and any output files from any of the foregoing 
(including device programming or simulation files), and any 
associated documentation or information are expressly subject 
to the terms and conditions of the Intel Program License 
Subscription Agreement, the Intel Quartus Prime License Agreement,
the Intel MegaCore Function License Agreement, or other 
applicable license agreement, including, without limitation, 
that your use is for the sole purpose of programming logic 
devices manufactured by Intel and sold by Intel or its 
authorized distributors.  Please refer to the applicable 
agreement for further details.



+-------------------------------------------------------------------------------+
; Flow Summary                                                                  ;
+---------------------------------+---------------------------------------------+
; Flow Status                     ; Successful - Thu Nov 12 15:53:48 2020       ;
; Quartus Prime Version           ; 16.1.0 Build 196 10/24/2016 SJ Lite Edition ;
; Revision Name                   ; my_first_fpga                               ;
; Top-level Entity Name           ; my_first_fpga                               ;
; Family                          ; Cyclone V                                   ;
; Device                          ; 5CSEMA5F31C6                                ;
; Timing Models                   ; Final                                       ;
; Logic utilization (in ALMs)     ; 16 / 32,070 ( < 1 % )                       ;
; Total registers                 ; 27                                          ;
; Total pins                      ; 7 / 457 ( 2 % )                             ;
; Total virtual pins              ; 0                                           ;
; Total block memory bits         ; 0 / 4,065,280 ( 0 % )                       ;
; Total DSP Blocks                ; 0 / 87 ( 0 % )                              ;
; Total HSSI RX PCSs              ; 0                                           ;
; Total HSSI PMA RX Deserializers ; 0                                           ;
; Total HSSI TX PCSs              ; 0                                           ;
; Total HSSI PMA TX Serializers   ; 0                                           ;
; Total PLLs                      ; 1 / 6 ( 17 % )                              ;
; Total DLLs                      ; 0 / 4 ( 0 % )                               ;
+---------------------------------+---------------------------------------------+


+-----------------------------------------+
; Flow Settings                           ;
+-------------------+---------------------+
; Option            ; Setting             ;
+-------------------+---------------------+
; Start date & time ; 11/12/2020 15:51:55 ;
; Main task         ; Compilation         ;
; Revision Name     ; my_first_fpga       ;
+-------------------+---------------------+


+-----------------------------------------------------------------------------------------------------------------------------+
; Flow Non-Default Global Settings                                                                                            ;
+-------------------------------------+----------------------------------------+---------------+-------------+----------------+
; Assignment Name                     ; Value                                  ; Default Value ; Entity Name ; Section Id     ;
+-------------------------------------+----------------------------------------+---------------+-------------+----------------+
; COMPILER_SIGNATURE_ID               ; 963354558947.160522151513344           ; --            ; --          ; --             ;
; EDA_OUTPUT_DATA_FORMAT              ; Vhdl                                   ; --            ; --          ; eda_simulation ;
; EDA_SIMULATION_TOOL                 ; ModelSim-Altera (VHDL)                 ; <None>        ; --          ; --             ;
; MAX_CORE_JUNCTION_TEMP              ; 85                                     ; --            ; --          ; --             ;
; MIN_CORE_JUNCTION_TEMP              ; 0                                      ; --            ; --          ; --             ;
; MISC_FILE                           ; pll.cmp                                ; --            ; --          ; --             ;
; MISC_FILE                           ; counter_bus_mux.bsf                    ; --            ; --          ; --             ;
; MISC_FILE                           ; counter_bus_mux_bb.v                   ; --            ; --          ; --             ;
; PARTITION_COLOR                     ; -- (Not supported for targeted family) ; --            ; --          ; Top            ;
; PARTITION_FITTER_PRESERVATION_LEVEL ; -- (Not supported for targeted family) ; --            ; --          ; Top            ;
; PARTITION_NETLIST_TYPE              ; -- (Not supported for targeted family) ; --            ; --          ; Top            ;
; SYNTHESIS_ONLY_QIP                  ; On                                     ; --            ; --          ; --             ;
+-------------------------------------+----------------------------------------+---------------+-------------+----------------+


+-------------------------------------------------------------------------------------------------------------------------------+
; Flow Elapsed Time                                                                                                             ;
+---------------------------+--------------+-------------------------+---------------------+------------------------------------+
; Module Name               ; Elapsed Time ; Average Processors Used ; Peak Virtual Memory ; Total CPU Time (on all processors) ;
+---------------------------+--------------+-------------------------+---------------------+------------------------------------+
; Analysis & Synthesis      ; 00:00:21     ; 1.0                     ; 4829 MB             ; 00:00:42                           ;
; Fitter                    ; 00:00:59     ; 1.0                     ; 6597 MB             ; 00:01:27                           ;
; Assembler                 ; 00:00:13     ; 1.0                     ; 4832 MB             ; 00:00:11                           ;
; TimeQuest Timing Analyzer ; 00:00:08     ; 1.0                     ; 5122 MB             ; 00:00:07                           ;
; EDA Netlist Writer        ; 00:00:03     ; 1.0                     ; 4830 MB             ; 00:00:03                           ;
; Total                     ; 00:01:44     ; --                      ; --                  ; 00:02:30                           ;
+---------------------------+--------------+-------------------------+---------------------+------------------------------------+


+-----------------------------------------------------------------------------------------+
; Flow OS Summary                                                                         ;
+---------------------------+------------------+------------+------------+----------------+
; Module Name               ; Machine Hostname ; OS Name    ; OS Version ; Processor type ;
+---------------------------+------------------+------------+------------+----------------+
; Analysis & Synthesis      ; BPC              ; Windows 10 ; 10.0       ; x86_64         ;
; Fitter                    ; BPC              ; Windows 10 ; 10.0       ; x86_64         ;
; Assembler                 ; BPC              ; Windows 10 ; 10.0       ; x86_64         ;
; TimeQuest Timing Analyzer ; BPC              ; Windows 10 ; 10.0       ; x86_64         ;
; EDA Netlist Writer        ; BPC              ; Windows 10 ; 10.0       ; x86_64         ;
+---------------------------+------------------+------------+------------+----------------+


------------
; Flow Log ;
------------
quartus_map --read_settings_files=on --write_settings_files=off my_first_fpga -c my_first_fpga
quartus_fit --read_settings_files=off --write_settings_files=off my_first_fpga -c my_first_fpga
quartus_asm --read_settings_files=off --write_settings_files=off my_first_fpga -c my_first_fpga
quartus_sta my_first_fpga -c my_first_fpga
quartus_eda --read_settings_files=off --write_settings_files=off my_first_fpga -c my_first_fpga



