Flow report for HW2_Project
Wed Sep 09 22:10:32 2020
Quartus Prime Version 16.1.0 Build 196 10/24/2016 SJ Lite Edition


---------------------
; Table of Contents ;
---------------------
  1. Legal Notice
  2. Flow Summary
  3. Flow Settings
  4. Flow Non-Default Global Settings
  5. Flow Elapsed Time
  6. Flow OS Summary
  7. Flow Log
  8. Flow Messages
  9. Flow Suppressed Messages



----------------
; Legal Notice ;
----------------
Copyright (C) 2016  Intel Corporation. All rights reserved.
Your use of Intel Corporation's design tools, logic functions 
and other software and tools, and its AMPP partner logic 
functions, and any output files from any of the foregoing 
(including device programming or simulation files), and any 
associated documentation or information are expressly subject 
to the terms and conditions of the Intel Program License 
Subscription Agreement, the Intel Quartus Prime License Agreement,
the Intel MegaCore Function License Agreement, or other 
applicable license agreement, including, without limitation, 
that your use is for the sole purpose of programming logic 
devices manufactured by Intel and sold by Intel or its 
authorized distributors.  Please refer to the applicable 
agreement for further details.



+----------------------------------------------------------------------------------+
; Flow Summary                                                                     ;
+------------------------------------+---------------------------------------------+
; Flow Status                        ; Successful - Wed Sep 09 22:10:32 2020       ;
; Quartus Prime Version              ; 16.1.0 Build 196 10/24/2016 SJ Lite Edition ;
; Revision Name                      ; HW2_Project                                 ;
; Top-level Entity Name              ; HW2_P3                                      ;
; Family                             ; MAX 10                                      ;
; Device                             ; 10M50DAF484C6GES                            ;
; Timing Models                      ; Preliminary                                 ;
; Total logic elements               ; 1 / 49,760 ( < 1 % )                        ;
;     Total combinational functions  ; 1 / 49,760 ( < 1 % )                        ;
;     Dedicated logic registers      ; 0 / 49,760 ( 0 % )                          ;
; Total registers                    ; 1                                           ;
; Total pins                         ; 4 / 360 ( 1 % )                             ;
; Total virtual pins                 ; 0                                           ;
; Total memory bits                  ; 0 / 1,677,312 ( 0 % )                       ;
; Embedded Multiplier 9-bit elements ; 0 / 288 ( 0 % )                             ;
; Total PLLs                         ; 0 / 4 ( 0 % )                               ;
; UFM blocks                         ; 0 / 1 ( 0 % )                               ;
; ADC blocks                         ; 0 / 2 ( 0 % )                               ;
+------------------------------------+---------------------------------------------+


+-----------------------------------------+
; Flow Settings                           ;
+-------------------+---------------------+
; Option            ; Setting             ;
+-------------------+---------------------+
; Start date & time ; 09/09/2020 22:09:46 ;
; Main task         ; Compilation         ;
; Revision Name     ; HW2_Project         ;
+-------------------+---------------------+


+----------------------------------------------------------------------------------------------------------------------------------------+
; Flow Non-Default Global Settings                                                                                                       ;
+------------------------------------------------+----------------------------------------+---------------+-------------+----------------+
; Assignment Name                                ; Value                                  ; Default Value ; Entity Name ; Section Id     ;
+------------------------------------------------+----------------------------------------+---------------+-------------+----------------+
; COMPILER_SIGNATURE_ID                          ; 963354558947.159971098608280           ; --            ; --          ; --             ;
; EDA_DESIGN_INSTANCE_NAME                       ; NA                                     ; --            ; --          ; testbench_1    ;
; EDA_GENERATE_FUNCTIONAL_NETLIST                ; On                                     ; --            ; --          ; eda_simulation ;
; EDA_NATIVELINK_SIMULATION_TEST_BENCH           ; testbench_1                            ; --            ; --          ; eda_simulation ;
; EDA_OUTPUT_DATA_FORMAT                         ; Vhdl                                   ; --            ; --          ; eda_simulation ;
; EDA_SIMULATION_TOOL                            ; ModelSim-Altera (VHDL)                 ; <None>        ; --          ; --             ;
; EDA_TEST_BENCH_ENABLE_STATUS                   ; TEST_BENCH_MODE                        ; --            ; --          ; eda_simulation ;
; EDA_TEST_BENCH_FILE                            ; DE10_LITE_Golden_Top.v                 ; --            ; --          ; testbench_1    ;
; EDA_TEST_BENCH_MODULE_NAME                     ; tb                                     ; --            ; --          ; testbench_1    ;
; EDA_TEST_BENCH_NAME                            ; testbench_1                            ; --            ; --          ; eda_simulation ;
; EDA_TIME_SCALE                                 ; 1 ps                                   ; --            ; --          ; eda_simulation ;
; EDA_USER_COMPILED_SIMULATION_LIBRARY_DIRECTORY ; E:\Quartus_Projects\HW2                ; --            ; --          ; eda_simulation ;
; FLOW_ENABLE_POWER_ANALYZER                     ; On                                     ; Off           ; --          ; --             ;
; MAX_CORE_JUNCTION_TEMP                         ; 85                                     ; --            ; --          ; --             ;
; MIN_CORE_JUNCTION_TEMP                         ; 0                                      ; --            ; --          ; --             ;
; PARTITION_COLOR                                ; -- (Not supported for targeted family) ; --            ; HW2_P3      ; Top            ;
; PARTITION_FITTER_PRESERVATION_LEVEL            ; -- (Not supported for targeted family) ; --            ; HW2_P3      ; Top            ;
; PARTITION_NETLIST_TYPE                         ; -- (Not supported for targeted family) ; --            ; HW2_P3      ; Top            ;
; POWER_BOARD_THERMAL_MODEL                      ; None (CONSERVATIVE)                    ; --            ; --          ; --             ;
; POWER_DEFAULT_INPUT_IO_TOGGLE_RATE             ; 12.5 %                                 ; 12.5%         ; --          ; --             ;
; POWER_PRESET_COOLING_SOLUTION                  ; 23 MM HEAT SINK WITH 200 LFPM AIRFLOW  ; --            ; --          ; --             ;
; PROJECT_OUTPUT_DIRECTORY                       ; output_files                           ; --            ; --          ; --             ;
; TOP_LEVEL_ENTITY                               ; HW2_P3                                 ; HW2_Project   ; --          ; --             ;
+------------------------------------------------+----------------------------------------+---------------+-------------+----------------+


+-------------------------------------------------------------------------------------------------------------------------------+
; Flow Elapsed Time                                                                                                             ;
+---------------------------+--------------+-------------------------+---------------------+------------------------------------+
; Module Name               ; Elapsed Time ; Average Processors Used ; Peak Virtual Memory ; Total CPU Time (on all processors) ;
+---------------------------+--------------+-------------------------+---------------------+------------------------------------+
; Analysis & Synthesis      ; 00:00:14     ; 1.0                     ; 4770 MB             ; 00:00:33                           ;
; Fitter                    ; 00:00:10     ; 1.0                     ; 5646 MB             ; 00:00:13                           ;
; Assembler                 ; 00:00:05     ; 1.0                     ; 4684 MB             ; 00:00:05                           ;
; PowerPlay Power Analyzer  ; 00:00:06     ; 1.0                     ; 4853 MB             ; 00:00:05                           ;
; TimeQuest Timing Analyzer ; 00:00:03     ; 1.0                     ; 4815 MB             ; 00:00:03                           ;
; EDA Netlist Writer        ; 00:00:01     ; 1.0                     ; 4638 MB             ; 00:00:01                           ;
; Total                     ; 00:00:39     ; --                      ; --                  ; 00:01:00                           ;
+---------------------------+--------------+-------------------------+---------------------+------------------------------------+


+-----------------------------------------------------------------------------------------+
; Flow OS Summary                                                                         ;
+---------------------------+------------------+------------+------------+----------------+
; Module Name               ; Machine Hostname ; OS Name    ; OS Version ; Processor type ;
+---------------------------+------------------+------------+------------+----------------+
; Analysis & Synthesis      ; BPC              ; Windows 10 ; 10.0       ; x86_64         ;
; Fitter                    ; BPC              ; Windows 10 ; 10.0       ; x86_64         ;
; Assembler                 ; BPC              ; Windows 10 ; 10.0       ; x86_64         ;
; PowerPlay Power Analyzer  ; BPC              ; Windows 10 ; 10.0       ; x86_64         ;
; TimeQuest Timing Analyzer ; BPC              ; Windows 10 ; 10.0       ; x86_64         ;
; EDA Netlist Writer        ; BPC              ; Windows 10 ; 10.0       ; x86_64         ;
+---------------------------+------------------+------------+------------+----------------+


------------
; Flow Log ;
------------
quartus_map --read_settings_files=on --write_settings_files=off HW2_Project -c HW2_Project
quartus_fit --read_settings_files=off --write_settings_files=off HW2_Project -c HW2_Project
quartus_asm --read_settings_files=off --write_settings_files=off HW2_Project -c HW2_Project
quartus_pow --read_settings_files=off --write_settings_files=off HW2_Project -c HW2_Project
quartus_sta HW2_Project -c HW2_Project
quartus_eda --read_settings_files=off --write_settings_files=off HW2_Project -c HW2_Project



