Microsemi Libero Software
Version: 11.8.0.26
Release: v11.8

Info: The design counter_top.adb was last modified by software version 11.8.0.26.
Opened an existing Libero design counter_top.adb.
'BA_NAME' set to 'counter_top_ba'
'IDE_DESIGNERVIEW_NAME' set to 'Impl1'
'IDE_DESIGNERVIEW_COUNT' set to '1'
'IDE_DESIGNERVIEW_REV0' set to 'Impl1'
'IDE_DESIGNERVIEW_REVNUM0' set to '1'
'IDE_DESIGNERVIEW_ROOTDIR' set to 'E:\repos\ECEN5863_HW\HW7_Practical\Libero\counter\designer'
'IDE_DESIGNERVIEW_LASTREV' set to '1'
Wrote timing report to file: counter_top_maxdelay_timing_report.txt

The Report command succeeded ( 00:00:06 )
Wrote timing report to file: counter_top_mindelay_timing_report.txt

The Report command succeeded ( 00:00:00 )
Wrote timing_violations report to file: counter_top_maxdelay_timingviolations_report.txt

The Report command succeeded ( 00:00:00 )
Wrote timing_violations report to file: counter_top_mindelay_timingviolations_report.txt

The Report command succeeded ( 00:00:00 )
Design saved to file
E:\repos\ECEN5863_HW\HW7_Practical\Libero\counter\designer\impl1\counter_top.adb.

The Execute Script command succeeded ( 00:00:09 )
Design closed.

