EDA Netlist Writer report for HW5P4
Thu Oct 08 17:46:10 2020
Quartus Prime Version 16.1.0 Build 196 10/24/2016 SJ Lite Edition


---------------------
; Table of Contents ;
---------------------
  1. Legal Notice
  2. EDA Netlist Writer Summary
  3. Simulation Settings
  4. Simulation Generated Files
  5. EDA Netlist Writer Messages



----------------
; Legal Notice ;
----------------
Copyright (C) 2016  Intel Corporation. All rights reserved.
Your use of Intel Corporation's design tools, logic functions 
and other software and tools, and its AMPP partner logic 
functions, and any output files from any of the foregoing 
(including device programming or simulation files), and any 
associated documentation or information are expressly subject 
to the terms and conditions of the Intel Program License 
Subscription Agreement, the Intel Quartus Prime License Agreement,
the Intel MegaCore Function License Agreement, or other 
applicable license agreement, including, without limitation, 
that your use is for the sole purpose of programming logic 
devices manufactured by Intel and sold by Intel or its 
authorized distributors.  Please refer to the applicable 
agreement for further details.



+-------------------------------------------------------------------+
; EDA Netlist Writer Summary                                        ;
+---------------------------+---------------------------------------+
; EDA Netlist Writer Status ; Successful - Thu Oct 08 17:46:10 2020 ;
; Revision Name             ; HW5P4                                 ;
; Top-level Entity Name     ; HW5P4                                 ;
; Family                    ; Cyclone IV E                          ;
; Simulation Files Creation ; Successful                            ;
+---------------------------+---------------------------------------+


+-------------------------------------------------------------------------------------------------------------------------------+
; Simulation Settings                                                                                                           ;
+---------------------------------------------------------------------------------------------------+---------------------------+
; Option                                                                                            ; Setting                   ;
+---------------------------------------------------------------------------------------------------+---------------------------+
; Tool Name                                                                                         ; ModelSim-Altera (Verilog) ;
; Generate functional simulation netlist                                                            ; Off                       ;
; Time scale                                                                                        ; 1 ps                      ;
; Truncate long hierarchy paths                                                                     ; Off                       ;
; Map illegal HDL characters                                                                        ; Off                       ;
; Flatten buses into individual nodes                                                               ; Off                       ;
; Maintain hierarchy                                                                                ; Off                       ;
; Bring out device-wide set/reset signals as ports                                                  ; Off                       ;
; Enable glitch filtering                                                                           ; Off                       ;
; Do not write top level VHDL entity                                                                ; Off                       ;
; Disable detection of setup and hold time violations in the input registers of bi-directional pins ; Off                       ;
; Architecture name in VHDL output netlist                                                          ; structure                 ;
; Generate third-party EDA tool command script for RTL functional simulation                        ; Off                       ;
; Generate third-party EDA tool command script for gate-level simulation                            ; Off                       ;
+---------------------------------------------------------------------------------------------------+---------------------------+


+-------------------------------------------------------------------------------------+
; Simulation Generated Files                                                          ;
+-------------------------------------------------------------------------------------+
; Generated Files                                                                     ;
+-------------------------------------------------------------------------------------+
; E:/repos/ECEN5863_HW/HW5/HW5P4/simulation/modelsim/HW5P4_8l_1000mv_100c_slow.vo     ;
; E:/repos/ECEN5863_HW/HW5/HW5P4/simulation/modelsim/HW5P4_8l_1000mv_-40c_slow.vo     ;
; E:/repos/ECEN5863_HW/HW5/HW5P4/simulation/modelsim/HW5P4_min_1000mv_-40c_fast.vo    ;
; E:/repos/ECEN5863_HW/HW5/HW5P4/simulation/modelsim/HW5P4.vo                         ;
; E:/repos/ECEN5863_HW/HW5/HW5P4/simulation/modelsim/HW5P4_8l_1000mv_100c_v_slow.sdo  ;
; E:/repos/ECEN5863_HW/HW5/HW5P4/simulation/modelsim/HW5P4_8l_1000mv_-40c_v_slow.sdo  ;
; E:/repos/ECEN5863_HW/HW5/HW5P4/simulation/modelsim/HW5P4_min_1000mv_-40c_v_fast.sdo ;
; E:/repos/ECEN5863_HW/HW5/HW5P4/simulation/modelsim/HW5P4_v.sdo                      ;
+-------------------------------------------------------------------------------------+


+-----------------------------+
; EDA Netlist Writer Messages ;
+-----------------------------+
Info: *******************************************************************
Info: Running Quartus Prime EDA Netlist Writer
    Info: Version 16.1.0 Build 196 10/24/2016 SJ Lite Edition
    Info: Processing started: Thu Oct 08 17:46:09 2020
Info: Command: quartus_eda --read_settings_files=off --write_settings_files=off HW5P4 -c HW5P4
Warning (18236): Number of processors has not been specified which may cause overloading on shared machines.  Set the global assignment NUM_PARALLEL_PROCESSORS in your QSF to an appropriate value for best performance.
Info (204019): Generated file HW5P4_8l_1000mv_100c_slow.vo in folder "E:/repos/ECEN5863_HW/HW5/HW5P4/simulation/modelsim/" for EDA simulation tool
Info (204019): Generated file HW5P4_8l_1000mv_-40c_slow.vo in folder "E:/repos/ECEN5863_HW/HW5/HW5P4/simulation/modelsim/" for EDA simulation tool
Info (204019): Generated file HW5P4_min_1000mv_-40c_fast.vo in folder "E:/repos/ECEN5863_HW/HW5/HW5P4/simulation/modelsim/" for EDA simulation tool
Info (204019): Generated file HW5P4.vo in folder "E:/repos/ECEN5863_HW/HW5/HW5P4/simulation/modelsim/" for EDA simulation tool
Info (204019): Generated file HW5P4_8l_1000mv_100c_v_slow.sdo in folder "E:/repos/ECEN5863_HW/HW5/HW5P4/simulation/modelsim/" for EDA simulation tool
Info (204019): Generated file HW5P4_8l_1000mv_-40c_v_slow.sdo in folder "E:/repos/ECEN5863_HW/HW5/HW5P4/simulation/modelsim/" for EDA simulation tool
Info (204019): Generated file HW5P4_min_1000mv_-40c_v_fast.sdo in folder "E:/repos/ECEN5863_HW/HW5/HW5P4/simulation/modelsim/" for EDA simulation tool
Info (204019): Generated file HW5P4_v.sdo in folder "E:/repos/ECEN5863_HW/HW5/HW5P4/simulation/modelsim/" for EDA simulation tool
Info: Quartus Prime EDA Netlist Writer was successful. 0 errors, 1 warning
    Info: Peak virtual memory: 4656 megabytes
    Info: Processing ended: Thu Oct 08 17:46:10 2020
    Info: Elapsed time: 00:00:01
    Info: Total CPU time (on all processors): 00:00:02


