
Starting:    E:\Microsemi\SynplifyPro\bin64\mbin\synbatch.exe
Install:     E:\Microsemi\SynplifyPro
Hostname:    BPC
Date:        Mon Nov 16 06:51:52 2020
Version:     L-2016.09M-2

Arguments:   -product synplify_pro -licensetype synplifypro_actel -batch -log synplify.log CDC3FF_syn.tcl
ProductType: synplify_pro

License checkout: synplifypro_actel
License: synplifypro_actel node-locked 
Licensed Vendor: actel
License Option: actel_oem

Running in Vendor Mode


auto_infer_blackbox is not supported in current product.

log file: "E:\repos\ECEN5863_HW\HW8\HW8P1\HW8P1_PartB\synthesis\CDC3FF.srr"

Running: synthesis in foreground



Running CDC3FF_syn|synthesis


Running: compile (Compile) on CDC3FF_syn|synthesis
# Mon Nov 16 06:51:52 2020


Running: compile_flow (Compile Process) on CDC3FF_syn|synthesis
# Mon Nov 16 06:51:52 2020


Running: compiler (Compile Input) on CDC3FF_syn|synthesis
# Mon Nov 16 06:51:52 2020

Copied E:\repos\ECEN5863_HW\HW8\HW8P1\HW8P1_PartB\synthesis\synwork\CDC3FF_comp.srs to E:\repos\ECEN5863_HW\HW8\HW8P1\HW8P1_PartB\synthesis\CDC3FF.srs


compiler completed
# Mon Nov 16 06:51:54 2020

Return Code: 0
Run Time:00h:00m:02s


Running: multi_srs_gen (Multi-srs Generator) on CDC3FF_syn|synthesis
# Mon Nov 16 06:51:54 2020


multi_srs_gen completed
# Mon Nov 16 06:51:54 2020

Return Code: 0
Run Time:00h:00m:00s

Copied E:\repos\ECEN5863_HW\HW8\HW8P1\HW8P1_PartB\synthesis\synwork\CDC3FF_mult.srs to E:\repos\ECEN5863_HW\HW8\HW8P1\HW8P1_PartB\synthesis\CDC3FF.srs

Complete: Compile Process on CDC3FF_syn|synthesis


Running: premap (Pre-mapping) on CDC3FF_syn|synthesis
# Mon Nov 16 06:51:54 2020


premap completed with warnings
# Mon Nov 16 06:51:55 2020

Return Code: 1
Run Time:00h:00m:01s

Complete: Compile on CDC3FF_syn|synthesis


Running: map (Map) on CDC3FF_syn|synthesis
# Mon Nov 16 06:51:55 2020

License granted for 4 parallel jobs


Running: fpga_mapper (Map & Optimize) on CDC3FF_syn|synthesis
# Mon Nov 16 06:51:55 2020

Copied E:\repos\ECEN5863_HW\HW8\HW8P1\HW8P1_PartB\synthesis\synwork\CDC3FF_m.srm to E:\repos\ECEN5863_HW\HW8\HW8P1\HW8P1_PartB\synthesis\CDC3FF.srm


fpga_mapper completed with warnings
# Mon Nov 16 06:51:56 2020

Return Code: 1
Run Time:00h:00m:01s

Complete: Map on CDC3FF_syn|synthesis

Complete: Logic Synthesis on CDC3FF_syn|synthesis

TCL script complete: "CDC3FF_syn.tcl"

exit status=0

exit status=0

License checkin: synplifypro_actel

