Target Part: A2F200M3F_FBGA484_STD
Report for cell receiver.verilog
  Core Cell usage:
              cell count     area count*area
              AO1A     1      1.0        1.0
              AOI1     1      1.0        1.0
               GND     1      0.0        0.0
               INV     2      1.0        2.0
              NOR2     2      1.0        2.0
             NOR2A     3      1.0        3.0
             NOR2B     1      1.0        1.0
              NOR3     6      1.0        6.0
               OA1     1      1.0        1.0
              OA1B     1      1.0        1.0
              OA1C     4      1.0        4.0
               OR3     3      1.0        3.0
               VCC     1      0.0        0.0
               XO1     2      1.0        2.0
              XOR2     6      1.0        6.0


              DFN1     6      1.0        6.0
              DLN1     8      1.0        8.0
          DLN1P1C1     2      2.0        4.0
                   -----          ----------
             TOTAL    51                51.0


  IO Cell usage:
              cell count
            CLKBUF     1
             INBUF    10
            OUTBUF     2
                   -----
             TOTAL    13


Core Cells         : 51 of 4608 (1%)
IO Cells           : 13

  RAM/ROM Usage Summary
Block Rams : 0 of 8 (0%)

