
Starting:    E:\Microsemi\SynplifyPro\bin64\mbin\synbatch.exe
Install:     E:\Microsemi\SynplifyPro
Hostname:    BPC
Date:        Sun Nov 15 21:11:20 2020
Version:     L-2016.09M-2

Arguments:   -product synplify_pro -licensetype synplifypro_actel -batch -log synplify.log SlowFast_syn.tcl
ProductType: synplify_pro

License checkout: synplifypro_actel
License: synplifypro_actel node-locked 
Licensed Vendor: actel
License Option: actel_oem

Running in Vendor Mode


Implementation not found: synthesis

log file: "E:\repos\ECEN5863_HW\HW8\HW8P2\HW8P2_PartB\synthesis\SlowFast.srr"

Running: synthesis in foreground



Running SlowFast_syn|synthesis


Running: compile (Compile) on SlowFast_syn|synthesis
# Sun Nov 15 21:11:20 2020


Running: compile_flow (Compile Process) on SlowFast_syn|synthesis
# Sun Nov 15 21:11:20 2020


Running: compiler (Compile Input) on SlowFast_syn|synthesis
# Sun Nov 15 21:11:20 2020

Copied E:\repos\ECEN5863_HW\HW8\HW8P2\HW8P2_PartB\synthesis\synwork\SlowFast_comp.srs to E:\repos\ECEN5863_HW\HW8\HW8P2\HW8P2_PartB\synthesis\SlowFast.srs


compiler completed
# Sun Nov 15 21:11:21 2020

Return Code: 0
Run Time:00h:00m:01s


Running: multi_srs_gen (Multi-srs Generator) on SlowFast_syn|synthesis
# Sun Nov 15 21:11:21 2020


multi_srs_gen completed
# Sun Nov 15 21:11:22 2020

Return Code: 0
Run Time:00h:00m:01s

Copied E:\repos\ECEN5863_HW\HW8\HW8P2\HW8P2_PartB\synthesis\synwork\SlowFast_mult.srs to E:\repos\ECEN5863_HW\HW8\HW8P2\HW8P2_PartB\synthesis\SlowFast.srs

Complete: Compile Process on SlowFast_syn|synthesis


Running: premap (Pre-mapping) on SlowFast_syn|synthesis
# Sun Nov 15 21:11:22 2020


premap completed with warnings
# Sun Nov 15 21:11:22 2020

Return Code: 1
Run Time:00h:00m:00s

Complete: Compile on SlowFast_syn|synthesis


Running: map (Map) on SlowFast_syn|synthesis
# Sun Nov 15 21:11:22 2020

License granted for 4 parallel jobs


Running: fpga_mapper (Map & Optimize) on SlowFast_syn|synthesis
# Sun Nov 15 21:11:22 2020

Copied E:\repos\ECEN5863_HW\HW8\HW8P2\HW8P2_PartB\synthesis\synwork\SlowFast_m.srm to E:\repos\ECEN5863_HW\HW8\HW8P2\HW8P2_PartB\synthesis\SlowFast.srm


fpga_mapper completed with warnings
# Sun Nov 15 21:11:23 2020

Return Code: 1
Run Time:00h:00m:01s

Complete: Map on SlowFast_syn|synthesis

Complete: Logic Synthesis on SlowFast_syn|synthesis

Copied E:\repos\ECEN5863_HW\HW8\HW8P2\HW8P2_PartB\synthesis\SlowFast.srr to E:\repos\ECEN5863_HW\HW8\HW8P2\HW8P2_PartB\synthesis\backup\SlowFast.srr

TCL script complete: "SlowFast_syn.tcl"

exit status=0

exit status=0

License checkin: synplifypro_actel

