
Starting:    E:\Microsemi\SynplifyPro\bin64\mbin\synbatch.exe
Install:     E:\Microsemi\SynplifyPro
Hostname:    BPC
Date:        Wed Nov 04 18:47:30 2020
Version:     L-2016.09M-2

Arguments:   -product synplify_pro -licensetype synplifypro_actel -batch -log synplify.log skewCounter_syn.tcl
ProductType: synplify_pro

License checkout: synplifypro_actel
License: synplifypro_actel node-locked 
Licensed Vendor: actel
License Option: actel_oem

Running in Vendor Mode


auto_infer_blackbox is not supported in current product.

log file: "E:\repos\ECEN5863_HW\HW7\HW7P3\HW7P3\synthesis\skewCounter.srr"

Running: synthesis in foreground



Running skewCounter_syn|synthesis


Running: compile (Compile) on skewCounter_syn|synthesis
# Wed Nov 04 18:47:30 2020


Running: compile_flow (Compile Process) on skewCounter_syn|synthesis
# Wed Nov 04 18:47:30 2020


Running: compiler (Compile Input) on skewCounter_syn|synthesis
# Wed Nov 04 18:47:30 2020

Copied E:\repos\ECEN5863_HW\HW7\HW7P3\HW7P3\synthesis\synwork\skewCounter_comp.srs to E:\repos\ECEN5863_HW\HW7\HW7P3\HW7P3\synthesis\skewCounter.srs


compiler completed
# Wed Nov 04 18:47:31 2020

Return Code: 0
Run Time:00h:00m:01s


Running: multi_srs_gen (Multi-srs Generator) on skewCounter_syn|synthesis
# Wed Nov 04 18:47:31 2020


multi_srs_gen completed
# Wed Nov 04 18:47:31 2020

Return Code: 0
Run Time:00h:00m:00s

Copied E:\repos\ECEN5863_HW\HW7\HW7P3\HW7P3\synthesis\synwork\skewCounter_mult.srs to E:\repos\ECEN5863_HW\HW7\HW7P3\HW7P3\synthesis\skewCounter.srs

Complete: Compile Process on skewCounter_syn|synthesis


Running: premap (Pre-mapping) on skewCounter_syn|synthesis
# Wed Nov 04 18:47:31 2020


premap completed with warnings
# Wed Nov 04 18:47:32 2020

Return Code: 1
Run Time:00h:00m:01s

Complete: Compile on skewCounter_syn|synthesis


Running: map (Map) on skewCounter_syn|synthesis
# Wed Nov 04 18:47:32 2020

License granted for 4 parallel jobs


Running: fpga_mapper (Map & Optimize) on skewCounter_syn|synthesis
# Wed Nov 04 18:47:32 2020

Copied E:\repos\ECEN5863_HW\HW7\HW7P3\HW7P3\synthesis\synwork\skewCounter_m.srm to E:\repos\ECEN5863_HW\HW7\HW7P3\HW7P3\synthesis\skewCounter.srm


fpga_mapper completed with warnings
# Wed Nov 04 18:47:33 2020

Return Code: 1
Run Time:00h:00m:01s

Complete: Map on skewCounter_syn|synthesis

Complete: Logic Synthesis on skewCounter_syn|synthesis

TCL script complete: "skewCounter_syn.tcl"

exit status=0

exit status=0

License checkin: synplifypro_actel

