Target Part: A2F200M3F_FBGA484_STD
Report for cell skewCounter.verilog
  Core Cell usage:
              cell count     area count*area
               AX1     1      1.0        1.0
              AX1C     1      1.0        1.0
               GND     5      0.0        0.0
               INV     4      1.0        4.0
              NOR2     2      1.0        2.0
             NOR2A     7      1.0        7.0
             NOR2B    10      1.0       10.0
             NOR3B     1      1.0        1.0
             NOR3C     9      1.0        9.0
               VCC     5      0.0        0.0
              XA1B     9      1.0        9.0


              DFN1     8      1.0        8.0
            DFN1E0    12      1.0       12.0
            DFN1E1     1      1.0        1.0
                   -----          ----------
             TOTAL    75                65.0


  IO Cell usage:
              cell count
            CLKBUF     1
             INBUF     2
            OUTBUF    17
                   -----
             TOTAL    20


Core Cells         : 65 of 4608 (1%)
IO Cells           : 20

  RAM/ROM Usage Summary
Block Rams : 0 of 8 (0%)

