Target Part: A2F200M3F_FBGA484_STD
Report for cell counter.verilog
  Core Cell usage:
              cell count     area count*area
              AX1C     1      1.0        1.0
               GND     1      0.0        0.0
             NOR2A     5      1.0        5.0
             NOR2B    32      1.0       32.0
             NOR3C    30      1.0       30.0
               OR2     1      1.0        1.0
               VCC     1      0.0        0.0
               XA1    14      1.0       14.0
              XA1B     8      1.0        8.0


            DFN1E1    25      1.0       25.0
                   -----          ----------
             TOTAL   118               116.0


  IO Cell usage:
              cell count
            CLKBUF     1
             INBUF     2
            OUTBUF    25
                   -----
             TOTAL    28


Core Cells         : 116 of 4608 (3%)
IO Cells           : 28

  RAM/ROM Usage Summary
Block Rams : 0 of 8 (0%)

