Microsemi Libero Software
Version: 11.8.0.26
Release: v11.8

Info: The design counter.adb was last modified by software version 11.8.0.26.
Opened an existing Libero design counter.adb.
'BA_NAME' set to 'counter_ba'
'IDE_DESIGNERVIEW_NAME' set to 'Impl1'
'IDE_DESIGNERVIEW_COUNT' set to '1'
'IDE_DESIGNERVIEW_REV0' set to 'Impl1'
'IDE_DESIGNERVIEW_REVNUM0' set to '1'
'IDE_DESIGNERVIEW_ROOTDIR' set to 'E:\repos\ECEN5863_HW\HW7\HW7P4\HW7P4\designer'
'IDE_DESIGNERVIEW_LASTREV' set to '1'

 Netlist Reading Time = 1.0 seconds
Imported the file:
   E:\repos\ECEN5863_HW\HW7\HW7P4\HW7P4\synthesis\counter.edn

The Import command succeeded ( 00:00:04 )
=====================================================================
Parameters used to run compile:
===============================

Family      : SmartFusion
Device      : A2F200M3F
Package     : 484 FBGA
Source      : E:\repos\ECEN5863_HW\HW7\HW7P4\HW7P4\synthesis\counter.edn
Format      : EDIF
Topcell     : counter
Speed grade : STD
Temp        : 0:25:85
Voltage     : 1.58:1.50:1.42

Keep Existing Physical Constraints : No
Keep Existing Timing Constraints   : Yes

pdc_abort_on_error                 : Yes
pdc_eco_display_unmatched_objects  : No
pdc_eco_max_warnings               : 10000

demote_globals                     : No
promote_globals                    : No
localclock_max_shared_instances    : 12
localclock_buffer_tree_max_fanout  : 12

combine_register                   : No
delete_buffer_tree                 : No

report_high_fanout_nets_limit      : 10

=====================================================================
Compile starts ...


Netlist Optimization Report
===========================

Optimized macros:
  - Dangling net drivers:   0
  - Buffers:                0
  - Inverters:              0
  - Tieoff:                 0
  - Logic combining:        2

    Total macros optimized  2

There were 0 error(s) and 0 warning(s) in this design.
=====================================================================

Reading previous post-compile physical placement constraints.


There were 0 error(s) and 0 warning(s).

=====================================================================
Compile report:
===============

    Microcontroller Subsystem  Used:      0  Total:      1   (0.00%)
    Fabric                     Used:    114  Total:   4608   (2.47%)
    Fabric IO (W/ clocks)      Used:     28  Total:     94   (29.79%)
    Fabric Differential IO     Used:      0  Total:     47   (0.00%)
    Dedicated Analog IO        Used:      0  Total:     32   (0.00%)
    Dedicated MSS IO           Used:      0  Total:     43   (0.00%)
    GLOBAL (Chip+Quadrant)     Used:      1  Total:     15   (6.67%)
    MSS GLOBAL                 Used:      0  Total:      3   (0.00%)
    On-chip RC oscillator      Used:      0  Total:      1   (0.00%)
    Main Crystal oscillator    Used:      0  Total:      1   (0.00%)
    32 KHz Crystal oscillator  Used:      0  Total:      1   (0.00%)
    RAM/FIFO                   Used:      0  Total:      8   (0.00%)
    User JTAG                  Used:      0  Total:      1   (0.00%)

Global Information:

    Type            | Used   | Total
    ----------------|--------|--------------
    Chip global     | 1      | 3  (33.33%)*
    Quadrant global | 0      | 12 (0.00%)
    MSS global      | 0      | 3  (0.00%)

    (*) Chip globals may be assigned to Quadrant globals using the Multi-View Navigator (MVN)
        or Physical Design Constraints (PDC).
        They may also be assigned to Quadrant globals automatically during Layout.

Core Information:

    Type    | Instances    | Core tiles
    --------|--------------|-----------
    COMB    | 89           | 89
    SEQ     | 25           | 25

I/O Function:

    Type                                  | w/o register  | w/ register  | w/ DDR register
    --------------------------------------|---------------|--------------|----------------
    Input I/O                             | 3             | 0            | 0
    Output I/O                            | 25            | 0            | 0
    Bidirectional I/O                     | 0             | 0            | 0
    Differential Input I/O Pairs          | 0             | 0            | 0
    Differential Output I/O Pairs         | 0             | 0            | 0

I/O Technology:

                                    |   Voltages    |             I/Os
    --------------------------------|-------|-------|-------|--------|--------------
    I/O Standard(s)                 | Vcci  | Vref  | Input | Output | Bidirectional
    --------------------------------|-------|-------|-------|--------|--------------
    LVTTL                           | 3.30v | N/A   | 3     | 25     | 0

I/O Placement:

    Locked  :   0
    Placed  :  28 ( 100.00% )
    UnPlaced:   0

Net information report:
=======================

The following nets have been assigned to a chip global resource:
    Fanout  Type          Name
    --------------------------
    25      CLK_NET       Net   : clk_c
                          Driver: clk_pad
                          Source: NETLIST

High fanout nets in the post compile netlist:
    Fanout  Type          Name
    --------------------------
    24      INT_NET       Net   : tempe
                          Driver: templde
    16      INT_NET       Net   : temp7
                          Driver: temp7
    12      INT_NET       Net   : N_54
                          Driver: reset_pad
    8       INT_NET       Net   : q_c[8]
                          Driver: temp[8]
    8       INT_NET       Net   : q_c[13]
                          Driver: temp[13]
    7       INT_NET       Net   : q_c[2]
                          Driver: temp[2]
    7       INT_NET       Net   : q_c[3]
                          Driver: temp[3]
    7       INT_NET       Net   : q_c[9]
                          Driver: temp[9]
    6       INT_NET       Net   : q_c[4]
                          Driver: temp[4]
    6       INT_NET       Net   : q_c[6]
                          Driver: temp[6]

Nets that are candidates for clock assignment and the resulting fanout:
    Fanout  Type          Name
    --------------------------
    24      INT_NET       Net   : tempe
                          Driver: templde
    16      INT_NET       Net   : temp7
                          Driver: temp7
    12      INT_NET       Net   : N_54
                          Driver: reset_pad
    8       INT_NET       Net   : q_c[8]
                          Driver: temp[8]
    8       INT_NET       Net   : q_c[13]
                          Driver: temp[13]
    7       INT_NET       Net   : q_c[2]
                          Driver: temp[2]
    7       INT_NET       Net   : q_c[3]
                          Driver: temp[3]
    7       INT_NET       Net   : q_c[9]
                          Driver: temp[9]
    6       INT_NET       Net   : q_c[4]
                          Driver: temp[4]
    6       INT_NET       Net   : q_c[6]
                          Driver: temp[6]

The Compile command succeeded ( 00:00:02 )
Wrote status report to file: counter_compile_report.txt

The Report command succeeded ( 00:00:00 )
Wrote pin report to file: counter_report_pin_byname.txt

The Report command succeeded ( 00:00:00 )
Wrote pin report to file: counter_report_pin_bynumber.txt

The Report command succeeded ( 00:00:01 )
Design saved to file E:\repos\ECEN5863_HW\HW7\HW7P4\HW7P4\designer\impl1\counter.adb.

The Execute Script command succeeded ( 00:00:09 )
Design closed.

