
Starting:    E:\Microsemi\SynplifyPro\bin64\mbin\synbatch.exe
Install:     E:\Microsemi\SynplifyPro
Hostname:    BPC
Date:        Wed Nov 04 22:31:00 2020
Version:     L-2016.09M-2

Arguments:   -product synplify_pro -licensetype synplifypro_actel -batch -log synplify.log counter_syn.tcl
ProductType: synplify_pro

License checkout: synplifypro_actel
License: synplifypro_actel node-locked 
Licensed Vendor: actel
License Option: actel_oem

Running in Vendor Mode


auto_infer_blackbox is not supported in current product.

log file: "E:\repos\ECEN5863_HW\HW7\HW7P4\HW7P4\synthesis\counter.srr"

Running: synthesis in foreground



Running counter_syn|synthesis


Running: compile (Compile) on counter_syn|synthesis
# Wed Nov 04 22:31:00 2020


Running: compile_flow (Compile Process) on counter_syn|synthesis
# Wed Nov 04 22:31:00 2020


Running: compiler (Compile Input) on counter_syn|synthesis
# Wed Nov 04 22:31:00 2020

Copied E:\repos\ECEN5863_HW\HW7\HW7P4\HW7P4\synthesis\synwork\counter_comp.srs to E:\repos\ECEN5863_HW\HW7\HW7P4\HW7P4\synthesis\counter.srs


compiler completed
# Wed Nov 04 22:31:01 2020

Return Code: 0
Run Time:00h:00m:01s


Running: multi_srs_gen (Multi-srs Generator) on counter_syn|synthesis
# Wed Nov 04 22:31:01 2020


multi_srs_gen completed
# Wed Nov 04 22:31:02 2020

Return Code: 0
Run Time:00h:00m:01s

Copied E:\repos\ECEN5863_HW\HW7\HW7P4\HW7P4\synthesis\synwork\counter_mult.srs to E:\repos\ECEN5863_HW\HW7\HW7P4\HW7P4\synthesis\counter.srs

Complete: Compile Process on counter_syn|synthesis


Running: premap (Pre-mapping) on counter_syn|synthesis
# Wed Nov 04 22:31:02 2020


premap completed with warnings
# Wed Nov 04 22:31:02 2020

Return Code: 1
Run Time:00h:00m:00s

Complete: Compile on counter_syn|synthesis


Running: map (Map) on counter_syn|synthesis
# Wed Nov 04 22:31:02 2020

License granted for 4 parallel jobs


Running: fpga_mapper (Map & Optimize) on counter_syn|synthesis
# Wed Nov 04 22:31:02 2020

Copied E:\repos\ECEN5863_HW\HW7\HW7P4\HW7P4\synthesis\synwork\counter_m.srm to E:\repos\ECEN5863_HW\HW7\HW7P4\HW7P4\synthesis\counter.srm


fpga_mapper completed with warnings
# Wed Nov 04 22:31:03 2020

Return Code: 1
Run Time:00h:00m:01s

Complete: Map on counter_syn|synthesis

Complete: Logic Synthesis on counter_syn|synthesis

TCL script complete: "counter_syn.tcl"

exit status=0

exit status=0

License checkin: synplifypro_actel

