
Starting:    E:\Microsemi\SynplifyPro\bin64\mbin\synbatch.exe
Install:     E:\Microsemi\SynplifyPro
Hostname:    BPC
Date:        Fri Nov 06 07:03:59 2020
Version:     L-2016.09M-2

Arguments:   -product synplify_pro -licensetype synplifypro_actel -batch -log synplify.log counter_top_syn.tcl
ProductType: synplify_pro

License checkout: synplifypro_actel
License: synplifypro_actel node-locked 
Licensed Vendor: actel
License Option: actel_oem

Running in Vendor Mode


auto_infer_blackbox is not supported in current product.

log file: "E:\repos\ECEN5863_HW\HW7_Practical\Libero\counter\synthesis\counter_top.srr"

Running: synthesis in foreground



Running counter_top_syn|synthesis


Running: compile (Compile) on counter_top_syn|synthesis
# Fri Nov 06 07:04:00 2020


Running: compile_flow (Compile Process) on counter_top_syn|synthesis
# Fri Nov 06 07:04:00 2020


Running: compiler (Compile Input) on counter_top_syn|synthesis
# Fri Nov 06 07:04:00 2020

Copied E:\repos\ECEN5863_HW\HW7_Practical\Libero\counter\synthesis\synwork\counter_top_comp.srs to E:\repos\ECEN5863_HW\HW7_Practical\Libero\counter\synthesis\counter_top.srs


compiler completed
# Fri Nov 06 07:04:01 2020

Return Code: 0
Run Time:00h:00m:01s


Running: multi_srs_gen (Multi-srs Generator) on counter_top_syn|synthesis
# Fri Nov 06 07:04:01 2020


multi_srs_gen completed
# Fri Nov 06 07:04:01 2020

Return Code: 0
Run Time:00h:00m:00s

Copied E:\repos\ECEN5863_HW\HW7_Practical\Libero\counter\synthesis\synwork\counter_top_mult.srs to E:\repos\ECEN5863_HW\HW7_Practical\Libero\counter\synthesis\counter_top.srs

Complete: Compile Process on counter_top_syn|synthesis


Running: premap (Pre-mapping) on counter_top_syn|synthesis
# Fri Nov 06 07:04:01 2020


premap completed with warnings
# Fri Nov 06 07:04:02 2020

Return Code: 1
Run Time:00h:00m:01s

Complete: Compile on counter_top_syn|synthesis


Running: map (Map) on counter_top_syn|synthesis
# Fri Nov 06 07:04:02 2020

License granted for 4 parallel jobs


Running: fpga_mapper (Map & Optimize) on counter_top_syn|synthesis
# Fri Nov 06 07:04:02 2020

Copied E:\repos\ECEN5863_HW\HW7_Practical\Libero\counter\synthesis\synwork\counter_top_m.srm to E:\repos\ECEN5863_HW\HW7_Practical\Libero\counter\synthesis\counter_top.srm


fpga_mapper completed with warnings
# Fri Nov 06 07:04:22 2020

Return Code: 1
Run Time:00h:00m:20s

Complete: Map on counter_top_syn|synthesis

Complete: Logic Synthesis on counter_top_syn|synthesis

TCL script complete: "counter_top_syn.tcl"

exit status=0

exit status=0

License checkin: synplifypro_actel

