Target Part: A2F200M3F_FBGA484_STD
Report for cell counter.verilog
  Core Cell usage:
              cell count     area count*area
              AX1C     1      1.0        1.0
               GND     1      0.0        0.0
              NOR2     1      1.0        1.0
             NOR2A     3      1.0        3.0
             NOR2B    19      1.0       19.0
             NOR3B     1      1.0        1.0
             NOR3C    12      1.0       12.0
               OR2     1      1.0        1.0
               VCC     1      0.0        0.0
               XA1     6      1.0        6.0
              XA1B     8      1.0        8.0


            DFN1E1    17      1.0       17.0
                   -----          ----------
             TOTAL    71                69.0


  IO Cell usage:
              cell count
            CLKBUF     1
             INBUF     2
            OUTBUF    17
                   -----
             TOTAL    20


Core Cells         : 69 of 4608 (1%)
IO Cells           : 20

  RAM/ROM Usage Summary
Block Rams : 0 of 8 (0%)

