Target Part: A2F200M3F_FBGA484_STD
Report for cell DFF_0.verilog
  Core Cell usage:
              cell count     area count*area
               GND     1      0.0        0.0
               INV     1      1.0        1.0
              OR2A     1      1.0        1.0
               VCC     1      0.0        0.0


              DFN1     2      1.0        2.0
                   -----          ----------
             TOTAL     6                 4.0


  IO Cell usage:
              cell count
            CLKBUF     1
             INBUF     2
            OUTBUF     2
                   -----
             TOTAL     5


Core Cells         : 4 of 4608 (0%)
IO Cells           : 5

  RAM/ROM Usage Summary
Block Rams : 0 of 8 (0%)

