Target Part: A2F200M3F_FBGA484_STD
Report for cell SlowFast.verilog
  Core Cell usage:
              cell count     area count*area
               GND     5      0.0        0.0
               INV     1      1.0        1.0
               MX2     3      1.0        3.0
             NOR2A     6      1.0        6.0
              OR2A     1      1.0        1.0
               VCC     5      0.0        0.0


              DFN1     8      1.0        8.0
                   -----          ----------
             TOTAL    29                19.0


  IO Cell usage:
              cell count
            CLKBUF     2
             INBUF     1
            OUTBUF     4
                   -----
             TOTAL     7


Core Cells         : 19 of 4608 (0%)
IO Cells           : 7

  RAM/ROM Usage Summary
Block Rams : 0 of 8 (0%)

