Flow report for HW4P3_top
Sun Sep 27 14:27:31 2020
Quartus Prime Version 16.1.0 Build 196 10/24/2016 SJ Lite Edition


---------------------
; Table of Contents ;
---------------------
  1. Legal Notice
  2. Flow Summary
  3. Flow Settings
  4. Flow Non-Default Global Settings
  5. Flow Elapsed Time
  6. Flow OS Summary
  7. Flow Log
  8. Flow Messages
  9. Flow Suppressed Messages



----------------
; Legal Notice ;
----------------
Copyright (C) 2016  Intel Corporation. All rights reserved.
Your use of Intel Corporation's design tools, logic functions 
and other software and tools, and its AMPP partner logic 
functions, and any output files from any of the foregoing 
(including device programming or simulation files), and any 
associated documentation or information are expressly subject 
to the terms and conditions of the Intel Program License 
Subscription Agreement, the Intel Quartus Prime License Agreement,
the Intel MegaCore Function License Agreement, or other 
applicable license agreement, including, without limitation, 
that your use is for the sole purpose of programming logic 
devices manufactured by Intel and sold by Intel or its 
authorized distributors.  Please refer to the applicable 
agreement for further details.



+----------------------------------------------------------------------------------+
; Flow Summary                                                                     ;
+------------------------------------+---------------------------------------------+
; Flow Status                        ; Successful - Sun Sep 27 14:27:31 2020       ;
; Quartus Prime Version              ; 16.1.0 Build 196 10/24/2016 SJ Lite Edition ;
; Revision Name                      ; HW4P3_top                                   ;
; Top-level Entity Name              ; ram_vhdl_cyclone                            ;
; Family                             ; Cyclone IV E                                ;
; Device                             ; EP4CE15F23A7                                ;
; Timing Models                      ; Final                                       ;
; Total logic elements               ; 0 / 15,408 ( 0 % )                          ;
;     Total combinational functions  ; 0 / 15,408 ( 0 % )                          ;
;     Dedicated logic registers      ; 0 / 15,408 ( 0 % )                          ;
; Total registers                    ; 0                                           ;
; Total pins                         ; 263 / 344 ( 76 % )                          ;
; Total virtual pins                 ; 0                                           ;
; Total memory bits                  ; 4,096 / 516,096 ( < 1 % )                   ;
; Embedded Multiplier 9-bit elements ; 0 / 112 ( 0 % )                             ;
; Total PLLs                         ; 0 / 4 ( 0 % )                               ;
+------------------------------------+---------------------------------------------+


+-----------------------------------------+
; Flow Settings                           ;
+-------------------+---------------------+
; Option            ; Setting             ;
+-------------------+---------------------+
; Start date & time ; 09/27/2020 14:26:38 ;
; Main task         ; Compilation         ;
; Revision Name     ; HW4P3_top           ;
+-------------------+---------------------+


+----------------------------------------------------------------------------------------------------------------------------------+
; Flow Non-Default Global Settings                                                                                                 ;
+-------------------------------------+----------------------------------------+---------------+------------------+----------------+
; Assignment Name                     ; Value                                  ; Default Value ; Entity Name      ; Section Id     ;
+-------------------------------------+----------------------------------------+---------------+------------------+----------------+
; COMPILER_SIGNATURE_ID               ; 963354558947.160123839806912           ; --            ; --               ; --             ;
; EDA_OUTPUT_DATA_FORMAT              ; Vhdl                                   ; --            ; --               ; eda_simulation ;
; EDA_SIMULATION_TOOL                 ; ModelSim-Altera (VHDL)                 ; <None>        ; --               ; --             ;
; EDA_TIME_SCALE                      ; 1 ps                                   ; --            ; --               ; eda_simulation ;
; MAX_CORE_JUNCTION_TEMP              ; 125                                    ; --            ; --               ; --             ;
; MIN_CORE_JUNCTION_TEMP              ; -40                                    ; --            ; --               ; --             ;
; MISC_FILE                           ; ram_vhdl_max10.bsf                     ; --            ; --               ; --             ;
; MISC_FILE                           ; ram_vhdl_max10.cmp                     ; --            ; --               ; --             ;
; MISC_FILE                           ; ram_vhdl_max10_syn.v                   ; --            ; --               ; --             ;
; MISC_FILE                           ; ram_vhdl_cyclone.bsf                   ; --            ; --               ; --             ;
; MISC_FILE                           ; ram_vhdl_cyclone.cmp                   ; --            ; --               ; --             ;
; MISC_FILE                           ; ram_vhdl_cyclone_syn.v                 ; --            ; --               ; --             ;
; PARTITION_COLOR                     ; -- (Not supported for targeted family) ; --            ; ram_vhdl_cyclone ; Top            ;
; PARTITION_FITTER_PRESERVATION_LEVEL ; -- (Not supported for targeted family) ; --            ; ram_vhdl_cyclone ; Top            ;
; PARTITION_NETLIST_TYPE              ; -- (Not supported for targeted family) ; --            ; ram_vhdl_cyclone ; Top            ;
; PROJECT_OUTPUT_DIRECTORY            ; output_files                           ; --            ; --               ; --             ;
; TOP_LEVEL_ENTITY                    ; ram_vhdl_cyclone                       ; HW4P3_top     ; --               ; --             ;
+-------------------------------------+----------------------------------------+---------------+------------------+----------------+


+-------------------------------------------------------------------------------------------------------------------------------+
; Flow Elapsed Time                                                                                                             ;
+---------------------------+--------------+-------------------------+---------------------+------------------------------------+
; Module Name               ; Elapsed Time ; Average Processors Used ; Peak Virtual Memory ; Total CPU Time (on all processors) ;
+---------------------------+--------------+-------------------------+---------------------+------------------------------------+
; Analysis & Synthesis      ; 00:00:19     ; 1.0                     ; 4806 MB             ; 00:00:46                           ;
; Fitter                    ; 00:00:15     ; 1.0                     ; 5506 MB             ; 00:00:15                           ;
; Assembler                 ; 00:00:03     ; 1.0                     ; 4681 MB             ; 00:00:02                           ;
; TimeQuest Timing Analyzer ; 00:00:05     ; 1.1                     ; 4765 MB             ; 00:00:04                           ;
; EDA Netlist Writer        ; 00:00:02     ; 1.0                     ; 4652 MB             ; 00:00:02                           ;
; Total                     ; 00:00:44     ; --                      ; --                  ; 00:01:09                           ;
+---------------------------+--------------+-------------------------+---------------------+------------------------------------+


+-----------------------------------------------------------------------------------------+
; Flow OS Summary                                                                         ;
+---------------------------+------------------+------------+------------+----------------+
; Module Name               ; Machine Hostname ; OS Name    ; OS Version ; Processor type ;
+---------------------------+------------------+------------+------------+----------------+
; Analysis & Synthesis      ; BPC              ; Windows 10 ; 10.0       ; x86_64         ;
; Fitter                    ; BPC              ; Windows 10 ; 10.0       ; x86_64         ;
; Assembler                 ; BPC              ; Windows 10 ; 10.0       ; x86_64         ;
; TimeQuest Timing Analyzer ; BPC              ; Windows 10 ; 10.0       ; x86_64         ;
; EDA Netlist Writer        ; BPC              ; Windows 10 ; 10.0       ; x86_64         ;
+---------------------------+------------------+------------+------------+----------------+


------------
; Flow Log ;
------------
quartus_map --read_settings_files=on --write_settings_files=off HW4P3 -c HW4P3_top
quartus_fit --read_settings_files=off --write_settings_files=off HW4P3 -c HW4P3_top
quartus_asm --read_settings_files=off --write_settings_files=off HW4P3 -c HW4P3_top
quartus_sta HW4P3 -c HW4P3_top
quartus_eda --read_settings_files=off --write_settings_files=off HW4P3 -c HW4P3_top



