EDA Netlist Writer report for HW4P3_top
Sun Sep 27 14:27:31 2020
Quartus Prime Version 16.1.0 Build 196 10/24/2016 SJ Lite Edition


---------------------
; Table of Contents ;
---------------------
  1. Legal Notice
  2. EDA Netlist Writer Summary
  3. Simulation Settings
  4. Simulation Generated Files
  5. EDA Netlist Writer Messages



----------------
; Legal Notice ;
----------------
Copyright (C) 2016  Intel Corporation. All rights reserved.
Your use of Intel Corporation's design tools, logic functions 
and other software and tools, and its AMPP partner logic 
functions, and any output files from any of the foregoing 
(including device programming or simulation files), and any 
associated documentation or information are expressly subject 
to the terms and conditions of the Intel Program License 
Subscription Agreement, the Intel Quartus Prime License Agreement,
the Intel MegaCore Function License Agreement, or other 
applicable license agreement, including, without limitation, 
that your use is for the sole purpose of programming logic 
devices manufactured by Intel and sold by Intel or its 
authorized distributors.  Please refer to the applicable 
agreement for further details.



+-------------------------------------------------------------------+
; EDA Netlist Writer Summary                                        ;
+---------------------------+---------------------------------------+
; EDA Netlist Writer Status ; Successful - Sun Sep 27 14:27:31 2020 ;
; Revision Name             ; HW4P3_top                             ;
; Top-level Entity Name     ; ram_vhdl_cyclone                      ;
; Family                    ; Cyclone IV E                          ;
; Simulation Files Creation ; Successful                            ;
+---------------------------+---------------------------------------+


+----------------------------------------------------------------------------------------------------------------------------+
; Simulation Settings                                                                                                        ;
+---------------------------------------------------------------------------------------------------+------------------------+
; Option                                                                                            ; Setting                ;
+---------------------------------------------------------------------------------------------------+------------------------+
; Tool Name                                                                                         ; ModelSim-Altera (VHDL) ;
; Generate functional simulation netlist                                                            ; Off                    ;
; Time scale                                                                                        ; 1 ps                   ;
; Truncate long hierarchy paths                                                                     ; Off                    ;
; Map illegal HDL characters                                                                        ; Off                    ;
; Flatten buses into individual nodes                                                               ; Off                    ;
; Maintain hierarchy                                                                                ; Off                    ;
; Bring out device-wide set/reset signals as ports                                                  ; Off                    ;
; Enable glitch filtering                                                                           ; Off                    ;
; Do not write top level VHDL entity                                                                ; Off                    ;
; Disable detection of setup and hold time violations in the input registers of bi-directional pins ; Off                    ;
; Architecture name in VHDL output netlist                                                          ; structure              ;
; Generate third-party EDA tool command script for RTL functional simulation                        ; Off                    ;
; Generate third-party EDA tool command script for gate-level simulation                            ; Off                    ;
+---------------------------------------------------------------------------------------------------+------------------------+


+-------------------------------------------------------------------------------------------+
; Simulation Generated Files                                                                ;
+-------------------------------------------------------------------------------------------+
; Generated Files                                                                           ;
+-------------------------------------------------------------------------------------------+
; E:/repos/ECEN5863_HW/HW4/HW4P3/simulation/modelsim/HW4P3_top_7_1200mv_125c_slow.vho       ;
; E:/repos/ECEN5863_HW/HW4/HW4P3/simulation/modelsim/HW4P3_top_7_1200mv_-40c_slow.vho       ;
; E:/repos/ECEN5863_HW/HW4/HW4P3/simulation/modelsim/HW4P3_top_min_1200mv_-40c_fast.vho     ;
; E:/repos/ECEN5863_HW/HW4/HW4P3/simulation/modelsim/HW4P3_top.vho                          ;
; E:/repos/ECEN5863_HW/HW4/HW4P3/simulation/modelsim/HW4P3_top_7_1200mv_125c_vhd_slow.sdo   ;
; E:/repos/ECEN5863_HW/HW4/HW4P3/simulation/modelsim/HW4P3_top_7_1200mv_-40c_vhd_slow.sdo   ;
; E:/repos/ECEN5863_HW/HW4/HW4P3/simulation/modelsim/HW4P3_top_min_1200mv_-40c_vhd_fast.sdo ;
; E:/repos/ECEN5863_HW/HW4/HW4P3/simulation/modelsim/HW4P3_top_vhd.sdo                      ;
+-------------------------------------------------------------------------------------------+


+-----------------------------+
; EDA Netlist Writer Messages ;
+-----------------------------+
Info: *******************************************************************
Info: Running Quartus Prime EDA Netlist Writer
    Info: Version 16.1.0 Build 196 10/24/2016 SJ Lite Edition
    Info: Processing started: Sun Sep 27 14:27:29 2020
Info: Command: quartus_eda --read_settings_files=off --write_settings_files=off HW4P3 -c HW4P3_top
Warning (18236): Number of processors has not been specified which may cause overloading on shared machines.  Set the global assignment NUM_PARALLEL_PROCESSORS in your QSF to an appropriate value for best performance.
Info (204019): Generated file HW4P3_top_7_1200mv_125c_slow.vho in folder "E:/repos/ECEN5863_HW/HW4/HW4P3/simulation/modelsim/" for EDA simulation tool
Info (204019): Generated file HW4P3_top_7_1200mv_-40c_slow.vho in folder "E:/repos/ECEN5863_HW/HW4/HW4P3/simulation/modelsim/" for EDA simulation tool
Info (204019): Generated file HW4P3_top_min_1200mv_-40c_fast.vho in folder "E:/repos/ECEN5863_HW/HW4/HW4P3/simulation/modelsim/" for EDA simulation tool
Info (204019): Generated file HW4P3_top.vho in folder "E:/repos/ECEN5863_HW/HW4/HW4P3/simulation/modelsim/" for EDA simulation tool
Info (204019): Generated file HW4P3_top_7_1200mv_125c_vhd_slow.sdo in folder "E:/repos/ECEN5863_HW/HW4/HW4P3/simulation/modelsim/" for EDA simulation tool
Info (204019): Generated file HW4P3_top_7_1200mv_-40c_vhd_slow.sdo in folder "E:/repos/ECEN5863_HW/HW4/HW4P3/simulation/modelsim/" for EDA simulation tool
Info (204019): Generated file HW4P3_top_min_1200mv_-40c_vhd_fast.sdo in folder "E:/repos/ECEN5863_HW/HW4/HW4P3/simulation/modelsim/" for EDA simulation tool
Info (204019): Generated file HW4P3_top_vhd.sdo in folder "E:/repos/ECEN5863_HW/HW4/HW4P3/simulation/modelsim/" for EDA simulation tool
Info: Quartus Prime EDA Netlist Writer was successful. 0 errors, 1 warning
    Info: Peak virtual memory: 4652 megabytes
    Info: Processing ended: Sun Sep 27 14:27:31 2020
    Info: Elapsed time: 00:00:02
    Info: Total CPU time (on all processors): 00:00:02


